<?xml version="1.0" encoding="UTF-8"?>
<!-- Generated by org.testng.reporters.JUnitXMLReporter -->
<testsuite ignored="0" hostname="DESKTOP-83C1EU3" failures="0" tests="10" name="ChromeTest" time="97.187" errors="0" timestamp="2024-11-05T17:47:17 IST">
  <testcase classname="TestCase.TS001_CarLoanTest" name="validate_carLoanPage" time="2.446"/>
  <testcase classname="TestCase.TS001_CarLoanTest" name="user_enteringValues_carLoan" time="5.531"/>
  <testcase classname="TestCase.TS002_HomeLoanTest" name="validate_HomeLoanPage" time="3.105"/>
  <testcase classname="TestCase.TS002_HomeLoanTest" name="homeloan" time="9.892"/>
  <testcase classname="TestCase.TS003_UI_EMIcalculator" name="validate_EMICalPage" time="0.926"/>
  <testcase classname="TestCase.TS003_UI_EMIcalculator" name="user_validate_EMI_Calculator_functionality" time="5.201"/>
  <testcase classname="TestCase.TS004_UI_LoanAmountCalc" name="validate_EMICalPage" time="0.797"/>
  <testcase classname="TestCase.TS004_UI_LoanAmountCalc" name="user_validate_Loan_Amount_Calculator_functionality" time="4.587"/>
  <testcase classname="TestCase.TS005_UI_LoanTenureCalc" name="validate_EMICalPage" time="0.985"/>
  <testcase classname="TestCase.TS005_UI_LoanTenureCalc" name="user_validate_Loan_Tenure_Calculator_functionality" time="4.518"/>
</testsuite> <!-- ChromeTest -->
