<?xml version="1.0" encoding="UTF-8"?>
<testng-results ignored="0" total="10" passed="10" failed="0" skipped="0">
  <reporter-output>
  </reporter-output>
  <suite started-at="2024-11-05T17:45:39 IST" name="Suite" finished-at="2024-11-05T17:47:17 IST" duration-ms="97187">
    <groups>
      <group name="regression">
        <method signature="TS001_CarLoanTest.user_enteringValues_carLoan()[pri:2, instance:TestCase.TS001_CarLoanTest@75f5fd58]" name="user_enteringValues_carLoan" class="TestCase.TS001_CarLoanTest"/>
        <method signature="TS002_HomeLoanTest.homeloan()[pri:2, instance:TestCase.TS002_HomeLoanTest@354fc8f0]" name="homeloan" class="TestCase.TS002_HomeLoanTest"/>
        <method signature="TS003_UI_EMIcalculator.user_validate_EMI_Calculator_functionality()[pri:2, instance:TestCase.TS003_UI_EMIcalculator@41813449]" name="user_validate_EMI_Calculator_functionality" class="TestCase.TS003_UI_EMIcalculator"/>
        <method signature="TS004_UI_LoanAmountCalc.user_validate_Loan_Amount_Calculator_functionality()[pri:2, instance:TestCase.TS004_UI_LoanAmountCalc@4678a2eb]" name="user_validate_Loan_Amount_Calculator_functionality" class="TestCase.TS004_UI_LoanAmountCalc"/>
        <method signature="TS005_UI_LoanTenureCalc.user_validate_Loan_Tenure_Calculator_functionality()[pri:2, instance:TestCase.TS005_UI_LoanTenureCalc@5b43fbf6]" name="user_validate_Loan_Tenure_Calculator_functionality" class="TestCase.TS005_UI_LoanTenureCalc"/>
      </group> <!-- regression -->
      <group name="smoke">
        <method signature="TS001_CarLoanTest.validate_carLoanPage()[pri:1, instance:TestCase.TS001_CarLoanTest@75f5fd58]" name="validate_carLoanPage" class="TestCase.TS001_CarLoanTest"/>
        <method signature="TS002_HomeLoanTest.validate_HomeLoanPage()[pri:1, instance:TestCase.TS002_HomeLoanTest@354fc8f0]" name="validate_HomeLoanPage" class="TestCase.TS002_HomeLoanTest"/>
        <method signature="TS003_UI_EMIcalculator.validate_EMICalPage()[pri:1, instance:TestCase.TS003_UI_EMIcalculator@41813449]" name="validate_EMICalPage" class="TestCase.TS003_UI_EMIcalculator"/>
        <method signature="TS004_UI_LoanAmountCalc.validate_EMICalPage()[pri:1, instance:TestCase.TS004_UI_LoanAmountCalc@4678a2eb]" name="validate_EMICalPage" class="TestCase.TS004_UI_LoanAmountCalc"/>
        <method signature="TS005_UI_LoanTenureCalc.validate_EMICalPage()[pri:1, instance:TestCase.TS005_UI_LoanTenureCalc@5b43fbf6]" name="validate_EMICalPage" class="TestCase.TS005_UI_LoanTenureCalc"/>
      </group> <!-- smoke -->
    </groups>
    <test started-at="2024-11-05T17:45:39 IST" name="ChromeTest" finished-at="2024-11-05T17:47:17 IST" duration-ms="97187">
      <class name="TestCase.TS005_UI_LoanTenureCalc">
        <test-method is-config="true" signature="setup(java.lang.String,java.lang.String)[pri:0, instance:TestCase.TS005_UI_LoanTenureCalc@5b43fbf6]" started-at="2024-11-05T17:47:02 IST" name="setup" finished-at="2024-11-05T17:47:09 IST" duration-ms="6975" status="PASS">
          <params>
            <param index="0">
              <value>
                <![CDATA[Windows]]>
              </value>
            </param>
            <param index="1">
              <value>
                <![CDATA[chrome]]>
              </value>
            </param>
          </params>
          <reporter-output>
          </reporter-output>
        </test-method> <!-- setup -->
        <test-method signature="validate_EMICalPage()[pri:1, instance:TestCase.TS005_UI_LoanTenureCalc@5b43fbf6]" started-at="2024-11-05T17:47:09 IST" name="validate_EMICalPage" finished-at="2024-11-05T17:47:10 IST" duration-ms="985" status="PASS">
          <reporter-output>
          </reporter-output>
        </test-method> <!-- validate_EMICalPage -->
        <test-method signature="user_validate_Loan_Tenure_Calculator_functionality()[pri:2, instance:TestCase.TS005_UI_LoanTenureCalc@5b43fbf6]" started-at="2024-11-05T17:47:10 IST" name="user_validate_Loan_Tenure_Calculator_functionality" finished-at="2024-11-05T17:47:15 IST" duration-ms="4518" status="PASS">
          <reporter-output>
          </reporter-output>
        </test-method> <!-- user_validate_Loan_Tenure_Calculator_functionality -->
        <test-method is-config="true" signature="tearDown()[pri:0, instance:TestCase.TS005_UI_LoanTenureCalc@5b43fbf6]" started-at="2024-11-05T17:47:15 IST" name="tearDown" finished-at="2024-11-05T17:47:17 IST" duration-ms="1998" status="PASS">
          <reporter-output>
          </reporter-output>
        </test-method> <!-- tearDown -->
      </class> <!-- TestCase.TS005_UI_LoanTenureCalc -->
      <class name="TestCase.TS003_UI_EMIcalculator">
        <test-method is-config="true" signature="setup(java.lang.String,java.lang.String)[pri:0, instance:TestCase.TS003_UI_EMIcalculator@41813449]" started-at="2024-11-05T17:46:32 IST" name="setup" finished-at="2024-11-05T17:46:39 IST" duration-ms="7251" status="PASS">
          <params>
            <param index="0">
              <value>
                <![CDATA[Windows]]>
              </value>
            </param>
            <param index="1">
              <value>
                <![CDATA[chrome]]>
              </value>
            </param>
          </params>
          <reporter-output>
          </reporter-output>
        </test-method> <!-- setup -->
        <test-method signature="validate_EMICalPage()[pri:1, instance:TestCase.TS003_UI_EMIcalculator@41813449]" started-at="2024-11-05T17:46:39 IST" name="validate_EMICalPage" finished-at="2024-11-05T17:46:40 IST" duration-ms="926" status="PASS">
          <reporter-output>
          </reporter-output>
        </test-method> <!-- validate_EMICalPage -->
        <test-method signature="user_validate_EMI_Calculator_functionality()[pri:2, instance:TestCase.TS003_UI_EMIcalculator@41813449]" started-at="2024-11-05T17:46:40 IST" name="user_validate_EMI_Calculator_functionality" finished-at="2024-11-05T17:46:45 IST" duration-ms="5201" status="PASS">
          <reporter-output>
          </reporter-output>
        </test-method> <!-- user_validate_EMI_Calculator_functionality -->
        <test-method is-config="true" signature="tearDown()[pri:0, instance:TestCase.TS003_UI_EMIcalculator@41813449]" started-at="2024-11-05T17:46:45 IST" name="tearDown" finished-at="2024-11-05T17:46:48 IST" duration-ms="2400" status="PASS">
          <reporter-output>
          </reporter-output>
        </test-method> <!-- tearDown -->
      </class> <!-- TestCase.TS003_UI_EMIcalculator -->
      <class name="TestCase.TS002_HomeLoanTest">
        <test-method is-config="true" signature="setup(java.lang.String,java.lang.String)[pri:0, instance:TestCase.TS002_HomeLoanTest@354fc8f0]" started-at="2024-11-05T17:46:03 IST" name="setup" finished-at="2024-11-05T17:46:14 IST" duration-ms="11131" status="PASS">
          <params>
            <param index="0">
              <value>
                <![CDATA[Windows]]>
              </value>
            </param>
            <param index="1">
              <value>
                <![CDATA[chrome]]>
              </value>
            </param>
          </params>
          <reporter-output>
          </reporter-output>
        </test-method> <!-- setup -->
        <test-method signature="validate_HomeLoanPage()[pri:1, instance:TestCase.TS002_HomeLoanTest@354fc8f0]" started-at="2024-11-05T17:46:14 IST" name="validate_HomeLoanPage" finished-at="2024-11-05T17:46:17 IST" duration-ms="3105" status="PASS">
          <reporter-output>
          </reporter-output>
        </test-method> <!-- validate_HomeLoanPage -->
        <test-method signature="homeloan()[pri:2, instance:TestCase.TS002_HomeLoanTest@354fc8f0]" started-at="2024-11-05T17:46:17 IST" name="homeloan" finished-at="2024-11-05T17:46:27 IST" duration-ms="9892" status="PASS">
          <reporter-output>
          </reporter-output>
        </test-method> <!-- homeloan -->
        <test-method is-config="true" signature="tearDown()[pri:0, instance:TestCase.TS002_HomeLoanTest@354fc8f0]" started-at="2024-11-05T17:46:27 IST" name="tearDown" finished-at="2024-11-05T17:46:32 IST" duration-ms="4647" status="PASS">
          <reporter-output>
          </reporter-output>
        </test-method> <!-- tearDown -->
      </class> <!-- TestCase.TS002_HomeLoanTest -->
      <class name="TestCase.TS001_CarLoanTest">
        <test-method is-config="true" signature="setup(java.lang.String,java.lang.String)[pri:0, instance:TestCase.TS001_CarLoanTest@75f5fd58]" started-at="2024-11-05T17:45:39 IST" name="setup" finished-at="2024-11-05T17:45:53 IST" duration-ms="13226" status="PASS">
          <params>
            <param index="0">
              <value>
                <![CDATA[Windows]]>
              </value>
            </param>
            <param index="1">
              <value>
                <![CDATA[chrome]]>
              </value>
            </param>
          </params>
          <reporter-output>
          </reporter-output>
        </test-method> <!-- setup -->
        <test-method signature="validate_carLoanPage()[pri:1, instance:TestCase.TS001_CarLoanTest@75f5fd58]" started-at="2024-11-05T17:45:53 IST" name="validate_carLoanPage" finished-at="2024-11-05T17:45:55 IST" duration-ms="2446" status="PASS">
          <reporter-output>
          </reporter-output>
        </test-method> <!-- validate_carLoanPage -->
        <test-method signature="user_enteringValues_carLoan()[pri:2, instance:TestCase.TS001_CarLoanTest@75f5fd58]" started-at="2024-11-05T17:45:55 IST" name="user_enteringValues_carLoan" finished-at="2024-11-05T17:46:01 IST" duration-ms="5531" status="PASS">
          <reporter-output>
          </reporter-output>
        </test-method> <!-- user_enteringValues_carLoan -->
        <test-method is-config="true" signature="tearDown()[pri:0, instance:TestCase.TS001_CarLoanTest@75f5fd58]" started-at="2024-11-05T17:46:01 IST" name="tearDown" finished-at="2024-11-05T17:46:03 IST" duration-ms="2568" status="PASS">
          <reporter-output>
          </reporter-output>
        </test-method> <!-- tearDown -->
      </class> <!-- TestCase.TS001_CarLoanTest -->
      <class name="TestCase.TS004_UI_LoanAmountCalc">
        <test-method is-config="true" signature="setup(java.lang.String,java.lang.String)[pri:0, instance:TestCase.TS004_UI_LoanAmountCalc@4678a2eb]" started-at="2024-11-05T17:46:48 IST" name="setup" finished-at="2024-11-05T17:46:55 IST" duration-ms="6860" status="PASS">
          <params>
            <param index="0">
              <value>
                <![CDATA[Windows]]>
              </value>
            </param>
            <param index="1">
              <value>
                <![CDATA[chrome]]>
              </value>
            </param>
          </params>
          <reporter-output>
          </reporter-output>
        </test-method> <!-- setup -->
        <test-method signature="validate_EMICalPage()[pri:1, instance:TestCase.TS004_UI_LoanAmountCalc@4678a2eb]" started-at="2024-11-05T17:46:55 IST" name="validate_EMICalPage" finished-at="2024-11-05T17:46:55 IST" duration-ms="797" status="PASS">
          <reporter-output>
          </reporter-output>
        </test-method> <!-- validate_EMICalPage -->
        <test-method signature="user_validate_Loan_Amount_Calculator_functionality()[pri:2, instance:TestCase.TS004_UI_LoanAmountCalc@4678a2eb]" started-at="2024-11-05T17:46:55 IST" name="user_validate_Loan_Amount_Calculator_functionality" finished-at="2024-11-05T17:47:00 IST" duration-ms="4587" status="PASS">
          <reporter-output>
          </reporter-output>
        </test-method> <!-- user_validate_Loan_Amount_Calculator_functionality -->
        <test-method is-config="true" signature="tearDown()[pri:0, instance:TestCase.TS004_UI_LoanAmountCalc@4678a2eb]" started-at="2024-11-05T17:47:00 IST" name="tearDown" finished-at="2024-11-05T17:47:02 IST" duration-ms="2013" status="PASS">
          <reporter-output>
          </reporter-output>
        </test-method> <!-- tearDown -->
      </class> <!-- TestCase.TS004_UI_LoanAmountCalc -->
    </test> <!-- ChromeTest -->
  </suite> <!-- Suite -->
</testng-results>
